<?xml version="1.0" encoding="UTF-8"?>
<!-- Generated by org.testng.reporters.JUnitReportReporter -->
<testsuite hostname="DESKTOP-4HBI9H4" failures="0" tests="2" name="seleniumwithnoconfig.AppTest" time="3.164" errors="0" timestamp="2025-05-31T18:19:39 IST" skipped="0">
  <testcase classname="seleniumwithnoconfig.AppTest" name="homePage" time="0.414"/>
  <system-out/>
  <testcase classname="seleniumwithnoconfig.AppTest" name="loginPage" time="2.750"/>
  <system-out/>
</testsuite> <!-- seleniumwithnoconfig.AppTest -->
