<?xml version="1.0" encoding="UTF-8"?>
<!-- Generated by org.testng.reporters.JUnitReportReporter -->
<testsuite hostname="DESKTOP-4HBI9H4" failures="0" tests="1" name="kwibal.TestCase" time="4.630" errors="0" timestamp="2025-07-23T23:14:45 IST" skipped="0">
  <testcase classname="kwibal.TestCase" name="homePage" time="4.630"/>
  <system-out/>
</testsuite> <!-- kwibal.TestCase -->
