<?xml version="1.0" encoding="UTF-8"?>
<!-- Generated by org.testng.reporters.JUnitReportReporter -->
<testsuite hostname="DESKTOP-4HBI9H4" failures="0" tests="1" name="qkart.TestCase" time="17.295" errors="0" timestamp="2025-07-24T11:13:42 IST" skipped="0">
  <testcase classname="qkart.TestCase" name="TestCase01" time="17.295"/>
  <system-out/>
</testsuite> <!-- qkart.TestCase -->
