<?xml version="1.0" encoding="UTF-8"?>
<!-- Generated by org.testng.reporters.JUnitReportReporter -->
<testsuite hostname="DESKTOP-4HBI9H4" failures="0" tests="2" name="kwibal.AppTest" time="3.574" errors="0" timestamp="2025-07-23T21:08:23 IST" skipped="0">
  <testcase classname="kwibal.AppTest" name="homePage" time="0.454"/>
  <system-out/>
  <testcase classname="kwibal.AppTest" name="loginPage" time="3.120"/>
  <system-out/>
</testsuite> <!-- kwibal.AppTest -->
